0 info it worked if it ends with ok
1 verbose cli [ 'C:\\Program Files\\nodejs\\\\node.exe',
1 verbose cli   'C:\\Program Files\\nodejs\\node_modules\\npm\\bin\\npm-cli.js',
1 verbose cli   'run',
1 verbose cli   'bundle' ]
2 info using npm@3.3.1
3 info using node@v0.12.7
4 verbose run-script [ 'prebundle', 'bundle', 'postbundle' ]
5 info lifecycle jspm-bug-02@1.0.0~prebundle: jspm-bug-02@1.0.0
6 silly lifecycle jspm-bug-02@1.0.0~prebundle: no script for prebundle, continuing
7 info lifecycle jspm-bug-02@1.0.0~bundle: jspm-bug-02@1.0.0
8 verbose lifecycle jspm-bug-02@1.0.0~bundle: unsafe-perm in lifecycle true
9 verbose lifecycle jspm-bug-02@1.0.0~bundle: PATH: C:\Program Files\nodejs\node_modules\npm\bin\node-gyp-bin;D:\personal-projects\jspm-bug-02\node_modules\.bin;C:\Program Files\ConEmu;C:\Program Files\ConEmu\ConEmu;C:\ProgramData\Oracle\Java\javapath;D:\app\ncochard\product\11.2.0\client_1;C:\Program Files (x86)\Intel\iCLS Client\;C:\Program Files\Intel\iCLS Client\;C:\Windows\system32;C:\Windows;C:\Windows\System32\Wbem;C:\Windows\System32\WindowsPowerShell\v1.0\;C:\Program Files\Intel\Intel(R) Management Engine Components\DAL;C:\Program Files (x86)\Intel\Intel(R) Management Engine Components\DAL;C:\Program Files\Intel\Intel(R) Management Engine Components\IPT;C:\Program Files (x86)\Intel\Intel(R) Management Engine Components\IPT;c:\Program Files (x86)\ATI Technologies\ATI.ACE\Core-Static;C:\Program Files\Microsoft SQL Server\110\DTS\Binn\;C:\Program Files (x86)\Microsoft SQL Server\110\Tools\Binn\;C:\Program Files\Microsoft SQL Server\110\Tools\Binn\;C:\Program Files (x86)\Microsoft SQL Server\110\Tools\Binn\ManagementStudio\;C:\Program Files (x86)\Microsoft Visual Studio 10.0\Common7\IDE\PrivateAssemblies\;C:\Program Files (x86)\Microsoft SQL Server\110\DTS\Binn\;C:\Program Files (x86)\Windows Kits\8.1\Windows Performance Toolkit\;C:\Program Files (x86)\Microsoft SDKs\TypeScript\1.0\;C:\Program Files\Microsoft SQL Server\120\Tools\Binn\;C:\Program Files\Microsoft\Web Platform Installer\;C:\Users\ncochard\AppData\Roaming\npm;C:\Program Files\nodejs\;C:\Program Files (x86)\Microsoft Team Foundation Server 2013 Power Tools\;C:\Program Files (x86)\Microsoft Team Foundation Server 2013 Power Tools\Best Practices Analyzer\;C:\DevTools\nuget;C:\Windows\System32\WindowsPowerShell\v1.0\;C:\ProgramData\chocolatey\bin;C:\Python27;C:\Program Files (x86)\Brackets\command;C:\Program Files (x86)\Skype\Phone\;C:\Program Files\Git\cmd;C:\Python27;C:\Users\ncochard\AppData\Local\atom\bin;C:\Users\ncochard\.babun
10 verbose lifecycle jspm-bug-02@1.0.0~bundle: CWD: D:\personal-projects\jspm-bug-02
11 silly lifecycle jspm-bug-02@1.0.0~bundle: Args: [ '/d /s /c', 'jspm bundle index dist/bundle.js' ]
12 silly lifecycle jspm-bug-02@1.0.0~bundle: Returned: code: 1  signal: null
13 info lifecycle jspm-bug-02@1.0.0~bundle: Failed to exec bundle script
14 verbose stack Error: jspm-bug-02@1.0.0 bundle: `jspm bundle index dist/bundle.js`
14 verbose stack Exit status 1
14 verbose stack     at EventEmitter.<anonymous> (C:\Program Files\nodejs\node_modules\npm\lib\utils\lifecycle.js:233:16)
14 verbose stack     at EventEmitter.emit (events.js:110:17)
14 verbose stack     at ChildProcess.<anonymous> (C:\Program Files\nodejs\node_modules\npm\lib\utils\spawn.js:24:14)
14 verbose stack     at ChildProcess.emit (events.js:110:17)
14 verbose stack     at maybeClose (child_process.js:1015:16)
14 verbose stack     at Process.ChildProcess._handle.onexit (child_process.js:1087:5)
15 verbose pkgid jspm-bug-02@1.0.0
16 verbose cwd D:\personal-projects\jspm-bug-02
17 error Windows_NT 6.1.7601
18 error argv "C:\\Program Files\\nodejs\\\\node.exe" "C:\\Program Files\\nodejs\\node_modules\\npm\\bin\\npm-cli.js" "run" "bundle"
19 error node v0.12.7
20 error npm  v3.3.1
21 error code ELIFECYCLE
22 error jspm-bug-02@1.0.0 bundle: `jspm bundle index dist/bundle.js`
22 error Exit status 1
23 error Failed at the jspm-bug-02@1.0.0 bundle script 'jspm bundle index dist/bundle.js'.
23 error This is most likely a problem with the jspm-bug-02 package,
23 error not with npm itself.
23 error Tell the author that this fails on your system:
23 error     jspm bundle index dist/bundle.js
23 error You can get their info via:
23 error     npm owner ls jspm-bug-02
23 error There is likely additional logging output above.
24 verbose exit [ 1, true ]
